0 info it worked if it ends with ok
1 verbose cli [ '/usr/local/Cellar/node/4.1.2/bin/node',
1 verbose cli   '/usr/local/bin/npm',
1 verbose cli   'publish',
1 verbose cli   './' ]
2 info using npm@3.5.2
3 info using node@v4.1.2
4 verbose publish [ './' ]
5 silly cache add args [ './', null ]
6 verbose cache add spec ./
7 silly cache add parsed spec Result {
7 silly cache add   raw: './',
7 silly cache add   scope: null,
7 silly cache add   name: null,
7 silly cache add   rawSpec: './',
7 silly cache add   spec: '/Users/mac/Node/jsonToCsv',
7 silly cache add   type: 'directory' }
8 verbose addLocalDirectory /Users/mac/.npm/json-csv/1.0.0/package.tgz not in flight; packing
9 info lifecycle json-csv@1.0.0~prepublish: json-csv@1.0.0
10 silly lifecycle json-csv@1.0.0~prepublish: no script for prepublish, continuing
11 verbose tar pack [ '/Users/mac/.npm/json-csv/1.0.0/package.tgz',
11 verbose tar pack   '/Users/mac/Node/jsonToCsv' ]
12 verbose tarball /Users/mac/.npm/json-csv/1.0.0/package.tgz
13 verbose folder /Users/mac/Node/jsonToCsv
14 verbose addLocalTarball adding from inside cache /Users/mac/.npm/json-csv/1.0.0/package.tgz
15 silly cache afterAdd json-csv@1.0.0
16 verbose afterAdd /Users/mac/.npm/json-csv/1.0.0/package/package.json not in flight; writing
17 verbose afterAdd /Users/mac/.npm/json-csv/1.0.0/package/package.json written
18 silly publish { name: 'json-csv',
18 silly publish   version: '1.0.0',
18 silly publish   description: '"Convert a JavaScript object to a csv text format"',
18 silly publish   main: 'index.js',
18 silly publish   scripts: { test: 'echo "Error: no test specified" && exit 1' },
18 silly publish   keywords: [ 'json', 'csv', 'jsonToCsv', 'objToCsv' ],
18 silly publish   author: { name: 'Sebastian Vizcaino' },
18 silly publish   license: 'ISC',
18 silly publish   dependencies: { async: '^1.5.2', lodash: '^4.5.1' },
18 silly publish   readme: '# json-csv\nConverts a JavaScript object to a csv text format\n',
18 silly publish   readmeFilename: 'README.md',
18 silly publish   gitHead: '0a5ba0426be1c698af4521713fc86a5974c9fa3d',
18 silly publish   _id: 'json-csv@1.0.0',
18 silly publish   _shasum: '0dca6a4139fdd9a79f69211301d4215e650d79cd',
18 silly publish   _from: '.' }
19 verbose getPublishConfig undefined
20 silly mapToRegistry name json-csv
21 silly mapToRegistry using default registry
22 silly mapToRegistry registry https://registry.npmjs.org/
23 silly mapToRegistry uri https://registry.npmjs.org/json-csv
24 verbose publish registryBase https://registry.npmjs.org/
25 silly publish uploading /Users/mac/.npm/json-csv/1.0.0/package.tgz
26 verbose request uri https://registry.npmjs.org/json-csv
27 verbose request sending authorization for write operation
28 info attempt registry request try #1 at 7:45:39 PM
29 verbose request using bearer token for auth
30 verbose request id da169641707c0020
31 http request PUT https://registry.npmjs.org/json-csv
32 http 403 https://registry.npmjs.org/json-csv
33 verbose headers { 'content-type': 'application/json',
33 verbose headers   'cache-control': 'max-age=300',
33 verbose headers   'content-length': '100',
33 verbose headers   'accept-ranges': 'bytes',
33 verbose headers   date: 'Wed, 24 Feb 2016 00:45:40 GMT',
33 verbose headers   via: '1.1 varnish',
33 verbose headers   connection: 'keep-alive',
33 verbose headers   'x-served-by': 'cache-iad2129-IAD',
33 verbose headers   'x-cache': 'MISS',
33 verbose headers   'x-cache-hits': '0',
33 verbose headers   'x-timer': 'S1456274739.698683,VS0,VE303' }
34 verbose request invalidating /Users/mac/.npm/registry.npmjs.org/json-csv on PUT
35 error publish Failed PUT 403
36 verbose stack Error: You do not have permission to publish 'json-csv'. Are you logged in as the correct user? : json-csv
36 verbose stack     at makeError (/usr/local/lib/node_modules/npm/node_modules/npm-registry-client/lib/request.js:264:12)
36 verbose stack     at CachingRegistryClient.<anonymous> (/usr/local/lib/node_modules/npm/node_modules/npm-registry-client/lib/request.js:252:14)
36 verbose stack     at Request._callback (/usr/local/lib/node_modules/npm/node_modules/npm-registry-client/lib/request.js:172:14)
36 verbose stack     at Request.self.callback (/usr/local/lib/node_modules/npm/node_modules/request/request.js:198:22)
36 verbose stack     at emitTwo (events.js:87:13)
36 verbose stack     at Request.emit (events.js:172:7)
36 verbose stack     at Request.<anonymous> (/usr/local/lib/node_modules/npm/node_modules/request/request.js:1082:10)
36 verbose stack     at emitOne (events.js:82:20)
36 verbose stack     at Request.emit (events.js:169:7)
36 verbose stack     at IncomingMessage.<anonymous> (/usr/local/lib/node_modules/npm/node_modules/request/request.js:1009:12)
37 verbose statusCode 403
38 verbose pkgid json-csv
39 verbose cwd /Users/mac/Node/jsonToCsv
40 error Darwin 14.5.0
41 error argv "/usr/local/Cellar/node/4.1.2/bin/node" "/usr/local/bin/npm" "publish" "./"
42 error node v4.1.2
43 error npm  v3.5.2
44 error code E403
45 error You do not have permission to publish 'json-csv'. Are you logged in as the correct user? : json-csv
46 error If you need help, you may report this error at:
46 error     <https://github.com/npm/npm/issues>
47 verbose exit [ 1, true ]
